# JRE version: Java(TM) SE Runtime Environment (20.0.2+9) (build 20.0.2+9-78)
# Java VM: Java HotSpot(TM) 64-Bit Server VM (20.0.2+9-78, mixed mode, sharing, tiered, compressed oops, compressed class ptrs, g1 gc, windows-amd64)
GC Precious Log:
 CardTable entry size: 512
 Card Set container configuration: InlinePtr #cards 5 size 8 Array Of Cards #cards 12 size 40 Howl #buckets 4 coarsen threshold 1843 Howl Bitmap #cards 512 size 80 coarsen threshold 460 Card regions per heap region 1 cards per card region 2048
 CPUs: 4 total, 4 available
 Memory: 8105M
 Large Page Support: Disabled
 NUMA Support: Disabled
 Compressed Oops: Enabled (32-bit)
 Heap Region Size: 1M
 Heap Min Capacity: 8M
 Heap Initial Capacity: 128M
 Heap Max Capacity: 1536M
 Pre-touch: Disabled
 Parallel Workers: 4
 Concurrent Workers: 1
 Concurrent Refinement Workers: 4
 Periodic GC: Disabled
Heap:
 garbage-first heap   total 411648K, used 168351K [0x00000000a0000000, 0x0000000100000000)
  region size 1024K, 3 young (3072K), 3 survivors (3072K)
 Metaspace       used 69481K, committed 71360K, reserved 1114112K
  class space    used 9274K, committed 10176K, reserved 1048576K
GC Heap History (20 events):
Event: 453.248 GC heap after
{Heap after GC invocations=68 (full 0):
 garbage-first heap   total 357376K, used 153185K [0x00000000a0000000, 0x0000000100000000)
  region size 1024K, 9 young (9216K), 9 survivors (9216K)
 Metaspace       used 69337K, committed 71232K, reserved 1114112K
  class space    used 9260K, committed 10176K, reserved 1048576K
}
Event: 454.601 GC heap before
{Heap before GC invocations=68 (full 0):
 garbage-first heap   total 357376K, used 327265K [0x00000000a0000000, 0x0000000100000000)
  region size 1024K, 180 young (184320K), 9 survivors (9216K)
 Metaspace       used 69342K, committed 71232K, reserved 1114112K
  class space    used 9260K, committed 10176K, reserved 1048576K
}
Event: 454.635 GC heap after
{Heap after GC invocations=69 (full 0):
 garbage-first heap   total 357376K, used 155173K [0x00000000a0000000, 0x0000000100000000)
  region size 1024K, 10 young (10240K), 10 survivors (10240K)
 Metaspace       used 69342K, committed 71232K, reserved 1114112K
  class space    used 9260K, committed 10176K, reserved 1048576K
}
Event: 464.576 GC heap before
{Heap before GC invocations=70 (full 0):
 garbage-first heap   total 411648K, used 330277K [0x00000000a0000000, 0x0000000100000000)
  region size 1024K, 176 young (180224K), 10 survivors (10240K)
 Metaspace       used 69360K, committed 71232K, reserved 1114112K
  class space    used 9260K, committed 10176K, reserved 1048576K
}
Event: 465.232 GC heap after
{Heap after GC invocations=71 (full 0):
 garbage-first heap   total 411648K, used 179323K [0x00000000a0000000, 0x0000000100000000)
  region size 1024K, 22 young (22528K), 22 survivors (22528K)
 Metaspace       used 69360K, committed 71232K, reserved 1114112K
  class space    used 9260K, committed 10176K, reserved 1048576K
}
Event: 466.612 GC heap before
{Heap before GC invocations=71 (full 0):
 garbage-first heap   total 411648K, used 366715K [0x00000000a0000000, 0x0000000100000000)
  region size 1024K, 205 young (209920K), 22 survivors (22528K)
 Metaspace       used 69360K, committed 71232K, reserved 1114112K
  class space    used 9260K, committed 10176K, reserved 1048576K
}
Event: 466.648 GC heap after
{Heap after GC invocations=72 (full 0):
 garbage-first heap   total 411648K, used 182003K [0x00000000a0000000, 0x0000000100000000)
  region size 1024K, 4 young (4096K), 4 survivors (4096K)
 Metaspace       used 69360K, committed 71232K, reserved 1114112K
  class space    used 9260K, committed 10176K, reserved 1048576K
}
Event: 474.632 GC heap before
{Heap before GC invocations=72 (full 0):
 garbage-first heap   total 411648K, used 368371K [0x00000000a0000000, 0x0000000100000000)
  region size 1024K, 186 young (190464K), 4 survivors (4096K)
 Metaspace       used 69365K, committed 71296K, reserved 1114112K
  class space    used 9260K, committed 10176K, reserved 1048576K
}
Event: 474.638 GC heap after
{Heap after GC invocations=73 (full 0):
 garbage-first heap   total 411648K, used 181422K [0x00000000a0000000, 0x0000000100000000)
  region size 1024K, 3 young (3072K), 3 survivors (3072K)
 Metaspace       used 69365K, committed 71296K, reserved 1114112K
  class space    used 9260K, committed 10176K, reserved 1048576K
}
Event: 475.851 GC heap before
{Heap before GC invocations=74 (full 0):
 garbage-first heap   total 411648K, used 370619K [0x00000000a0000000, 0x0000000100000000)
  region size 1024K, 199 young (203776K), 3 survivors (3072K)
 Metaspace       used 69471K, committed 71360K, reserved 1114112K
  class space    used 9274K, committed 10176K, reserved 1048576K
}
Event: 475.858 GC heap after
{Heap after GC invocations=75 (full 0):
 garbage-first heap   total 411648K, used 168562K [0x00000000a0000000, 0x0000000100000000)
  region size 1024K, 4 young (4096K), 4 survivors (4096K)
 Metaspace       used 69471K, committed 71360K, reserved 1114112K
  class space    used 9274K, committed 10176K, reserved 1048576K
}
Event: 478.455 GC heap before
{Heap before GC invocations=75 (full 0):
 garbage-first heap   total 411648K, used 385650K [0x00000000a0000000, 0x0000000100000000)
  region size 1024K, 216 young (221184K), 4 survivors (4096K)
 Metaspace       used 69474K, committed 71360K, reserved 1114112K
  class space    used 9274K, committed 10176K, reserved 1048576K
}
Event: 478.955 GC heap after
{Heap after GC invocations=76 (full 0):
 garbage-first heap   total 411648K, used 166775K [0x00000000a0000000, 0x0000000100000000)
  region size 1024K, 5 young (5120K), 5 survivors (5120K)
 Metaspace       used 69474K, committed 71360K, reserved 1114112K
  class space    used 9274K, committed 10176K, reserved 1048576K
}
Event: 480.548 GC heap before
{Heap before GC invocations=76 (full 0):
 garbage-first heap   total 411648K, used 383863K [0x00000000a0000000, 0x0000000100000000)
  region size 1024K, 217 young (222208K), 5 survivors (5120K)
 Metaspace       used 69481K, committed 71360K, reserved 1114112K
  class space    used 9274K, committed 10176K, reserved 1048576K
}
Event: 480.555 GC heap after
{Heap after GC invocations=77 (full 0):
 garbage-first heap   total 411648K, used 167962K [0x00000000a0000000, 0x0000000100000000)
  region size 1024K, 6 young (6144K), 6 survivors (6144K)
 Metaspace       used 69481K, committed 71360K, reserved 1114112K
  class space    used 9274K, committed 10176K, reserved 1048576K
}
Event: 482.365 GC heap before
{Heap before GC invocations=78 (full 0):
 garbage-first heap   total 411648K, used 383002K [0x00000000a0000000, 0x0000000100000000)
  region size 1024K, 216 young (221184K), 6 survivors (6144K)
 Metaspace       used 69481K, committed 71360K, reserved 1114112K
  class space    used 9274K, committed 10176K, reserved 1048576K
}
Event: 482.375 GC heap after
{Heap after GC invocations=79 (full 0):
 garbage-first heap   total 411648K, used 169038K [0x00000000a0000000, 0x0000000100000000)
  region size 1024K, 7 young (7168K), 7 survivors (7168K)
 Metaspace       used 69481K, committed 71360K, reserved 1114112K
  class space    used 9274K, committed 10176K, reserved 1048576K
}
Event: 482.406 GC heap before
{Heap before GC invocations=79 (full 0):
 garbage-first heap   total 411648K, used 182350K [0x00000000a0000000, 0x0000000100000000)
  region size 1024K, 20 young (20480K), 7 survivors (7168K)
 Metaspace       used 69481K, committed 71360K, reserved 1114112K
  class space    used 9274K, committed 10176K, reserved 1048576K
}
Event: 482.472 GC heap after
{Heap after GC invocations=80 (full 0):
 garbage-first heap   total 411648K, used 169048K [0x00000000a0000000, 0x0000000100000000)
  region size 1024K, 2 young (2048K), 2 survivors (2048K)
 Metaspace       used 69481K, committed 71360K, reserved 1114112K
  class space    used 9274K, committed 10176K, reserved 1048576K
}
Event: 483.987 GC heap before
{Heap before GC invocations=80 (full 0):
 garbage-first heap   total 411648K, used 386136K [0x00000000a0000000, 0x0000000100000000)
  region size 1024K, 215 young (220160K), 2 survivors (2048K)
 Metaspace       used 69481K, committed 71360K, reserved 1114112K
  class space    used 9274K, committed 10176K, reserved 1048576K
}

